<?xml version="1.0" encoding="UTF-8"?>
<!-- Generated by org.testng.reporters.JUnitReportReporter -->
<testsuite ignored="0" hostname="RaJySaJaTuBhJa" failures="1" tests="1" name="Runner.TestRunner" time="14.717" errors="0" timestamp="04 Jul 2020 09:47:16 GMT" skipped="0">
  <testcase classname="Runner.TestRunner" name="scenario" time="14.717">
    <failure message="expected [Sign in – Google Accounts] but found [Sign in – Google accounts]" type="java.lang.AssertionError">
      <![CDATA[java.lang.AssertionError: expected [Sign in – Google Accounts] but found [Sign in – Google accounts]
	at org.testng.Assert.fail(Assert.java:94)
	at org.testng.Assert.failNotEquals(Assert.java:513)
	at org.testng.Assert.assertEqualsImpl(Assert.java:135)
	at org.testng.Assert.assertEquals(Assert.java:116)
	at org.testng.Assert.assertEquals(Assert.java:190)
	at org.testng.Assert.assertEquals(Assert.java:200)
	at StepDefinition.Stepdef.Clicks_SignUp_via_gmail(Stepdef.java:104)
	at ✽.Clicks SignUp via gmail(C:/Users/venka/eclipse-workspace/cucumberTng/src/test/java/Features/01_login.feature:5)
]]>
    </failure>
  </testcase> <!-- scenario -->
</testsuite> <!-- Runner.TestRunner -->
